<?xml version="1.0" encoding="UTF-8"?>
<testsuite name="cz.mateusz.flashcardy.tdd.player.PlayerAPI_Tests" tests="2" skipped="0" failures="0" errors="0" timestamp="2022-12-10T07:46:19" hostname="DESKTOP-EC1ROMR" time="0.022">
  <properties/>
  <testcase name="registerPlayerForgettingAboutEmailAddressThenExpectValidationsToFail()" classname="cz.mateusz.flashcardy.tdd.player.PlayerAPI_Tests" time="0.02"/>
  <testcase name="registerPlayersWithCorrectDataThenCreatePlayersProfiles()" classname="cz.mateusz.flashcardy.tdd.player.PlayerAPI_Tests" time="0.002"/>
  <system-out><![CDATA[]]></system-out>
  <system-err><![CDATA[]]></system-err>
</testsuite>
