<?xml version="1.0" encoding="UTF-8"?>
<testsuite name="cz.mateusz.flashcardy.tdd.deck.DecksAPI_Tests" tests="5" skipped="0" failures="0" errors="0" timestamp="2022-11-24T15:11:47" hostname="DESKTOP-EC1ROMR" time="0.451">
  <properties/>
  <testcase name="whenEmptyDeckIsInstantiatedThenItShouldHaveNameAndOwner()" classname="cz.mateusz.flashcardy.tdd.deck.DecksAPI_Tests" time="0.425"/>
  <testcase name="whenPopulateDeckThenDeckGrowsAccordingly()" classname="cz.mateusz.flashcardy.tdd.deck.DecksAPI_Tests" time="0.014"/>
  <testcase name="whenDepopulateDeckThenDeckShrinksAccordingly()" classname="cz.mateusz.flashcardy.tdd.deck.DecksAPI_Tests" time="0.003"/>
  <testcase name="playerHasAccessToOtherPlayersDeckContentWhenItsContentHasBeenShared()" classname="cz.mateusz.flashcardy.tdd.deck.DecksAPI_Tests" time="0.003"/>
  <testcase name="createEmptyDeckWithoutNameThanExpectError()" classname="cz.mateusz.flashcardy.tdd.deck.DecksAPI_Tests" time="0.003"/>
  <system-out><![CDATA[[Flashcard{notion='como esta?', definition='how are you?'}, Flashcard{notion='esta manana', definition='this morning'}, Flashcard{notion='donde?', definition='where?'}, Flashcard{notion='pero', definition='but'}]
]]></system-out>
  <system-err><![CDATA[]]></system-err>
</testsuite>
