<?xml version="1.0" encoding="UTF-8"?>
<testsuite name="cz.mateusz.flashcardy.tdd.study.LeitnerSystemTests" tests="2" skipped="0" failures="0" errors="0" timestamp="2023-01-02T21:54:04" hostname="DESKTOP-EC1ROMR" time="0.023">
  <properties/>
  <testcase name="when_answered_all_questions_then_stop_giving_other_questions()" classname="cz.mateusz.flashcardy.tdd.study.LeitnerSystemTests" time="0.022"/>
  <testcase name="given_flashcards_populate_study_sessions_and_then_leitner_system()" classname="cz.mateusz.flashcardy.tdd.study.LeitnerSystemTests" time="0.0"/>
  <system-out><![CDATA[]]></system-out>
  <system-err><![CDATA[]]></system-err>
</testsuite>
