<?xml version="1.0" encoding="UTF-8"?>
<testsuite name="cz.mateusz.flashcardy.tdd.deck.DeckSharingAPI_Tests" tests="1" skipped="0" failures="0" errors="0" timestamp="2022-11-26T11:05:10" hostname="DESKTOP-EC1ROMR" time="0.411">
  <properties/>
  <testcase name="whenDeckSharingIsOnThenDeckIsFreelyAvailableToEveryPlayer()" classname="cz.mateusz.flashcardy.tdd.deck.DeckSharingAPI_Tests" time="0.411"/>
  <system-out><![CDATA[]]></system-out>
  <system-err><![CDATA[]]></system-err>
</testsuite>
