<?xml version="1.0" encoding="UTF-8"?>
<testsuite name="cz.mateusz.flashcardy.tdd.deck.DeckAPI_Tests" tests="2" skipped="0" failures="0" errors="0" timestamp="2022-11-20T17:06:13" hostname="DESKTOP-EC1ROMR" time="0.428">
  <properties/>
  <testcase name="expandDeckWithFlashcards()" classname="cz.mateusz.flashcardy.tdd.deck.DeckAPI_Tests" time="0.426"/>
  <testcase name="createEmptyDeckWithGivenName()" classname="cz.mateusz.flashcardy.tdd.deck.DeckAPI_Tests" time="0.001"/>
  <system-out><![CDATA[]]></system-out>
  <system-err><![CDATA[]]></system-err>
</testsuite>
