<?xml version="1.0" encoding="UTF-8"?>
<testsuite name="cz.mateusz.flashcardy.tdd.player.PlayerAPI_Tests" tests="1" skipped="0" failures="0" errors="0" timestamp="2022-11-27T16:54:31" hostname="DESKTOP-EC1ROMR" time="0.019">
  <properties/>
  <testcase name="registerPlayerForgettingAboutEmailAddressThanExpectValidationsToFail()" classname="cz.mateusz.flashcardy.tdd.player.PlayerAPI_Tests" time="0.019"/>
  <system-out><![CDATA[]]></system-out>
  <system-err><![CDATA[]]></system-err>
</testsuite>
